c:\users\kga_0435\desktop\battle\kga_battlecity_team4\x64\debug\vc142.pdb
c:\users\kga_0435\desktop\battle\kga_battlecity_team4\x64\debug\vc142.idb
c:\users\kga_0435\desktop\battle\kga_battlecity_team4\x64\debug\timer.obj
c:\users\kga_0435\desktop\battle\kga_battlecity_team4\x64\debug\tilemaptoolscene.obj
c:\users\kga_0435\desktop\battle\kga_battlecity_team4\x64\debug\scenemanager.obj
c:\users\kga_0435\desktop\battle\kga_battlecity_team4\x64\debug\pixelcollisionscene.obj
c:\users\kga_0435\desktop\battle\kga_battlecity_team4\x64\debug\maingame.obj
c:\users\kga_0435\desktop\battle\kga_battlecity_team4\x64\debug\main.obj
c:\users\kga_0435\desktop\battle\kga_battlecity_team4\x64\debug\loadingscene.obj
c:\users\kga_0435\desktop\battle\kga_battlecity_team4\x64\debug\keymanager.obj
c:\users\kga_0435\desktop\battle\kga_battlecity_team4\x64\debug\imagemanager.obj
c:\users\kga_0435\desktop\battle\kga_battlecity_team4\x64\debug\image.obj
c:\users\kga_0435\desktop\battle\kga_battlecity_team4\x64\debug\gameobject.obj
c:\users\kga_0435\desktop\battle\kga_battlecity_team4\x64\debug\gameentity.obj
c:\users\kga_0435\desktop\battle\kga_battlecity_team4\x64\debug\enemymanager.obj
c:\users\kga_0435\desktop\battle\kga_battlecity_team4\x64\debug\enemy.obj
c:\users\kga_0435\desktop\battle\kga_battlecity_team4\x64\debug\buttonfunction.obj
c:\users\kga_0435\desktop\battle\kga_battlecity_team4\x64\debug\button.obj
c:\users\kga_0435\desktop\battle\kga_battlecity_team4\x64\debug\battlescene.obj
c:\users\kga_0435\desktop\battle\kga_battlecity_team4\x64\debug\astarscene.obj
c:\users\kga_0435\desktop\battle\kga_battlecity_team4\x64\debug\ammo.obj
c:\users\kga_0435\desktop\battle\kga_battlecity_team4\x64\debug\titlescene.obj
c:\users\kga_0435\desktop\battle\kga_battlecity_team4\x64\debug\timermanager.obj
c:\users\kga_0435\desktop\battle\kga_battlecity_team4\x64\debug\ammomanager.obj
c:\users\kga_0435\desktop\battle\kga_battlecity_team4\x64\debug\tank.obj
c:\users\kga_0435\desktop\battle\kga_battlecity_team4\x64\debug\enemytank.obj
c:\users\kga_0435\desktop\kga_battlecity_team4\x64\debug\vc142.pdb
c:\users\kga_0435\desktop\kga_battlecity_team4\x64\debug\vc142.idb
c:\users\kga_0435\desktop\kga_battlecity_team4\x64\debug\tank.obj
c:\users\kga_0435\desktop\kga_battlecity_team4\x64\debug\scenemanager.obj
c:\users\kga_0435\desktop\kga_battlecity_team4\x64\debug\main.obj
c:\users\kga_0435\desktop\kga_battlecity_team4\x64\debug\loadingscene.obj
c:\users\kga_0435\desktop\kga_battlecity_team4\x64\debug\keymanager.obj
c:\users\kga_0435\desktop\kga_battlecity_team4\x64\debug\imagemanager.obj
c:\users\kga_0435\desktop\kga_battlecity_team4\x64\debug\image.obj
c:\users\kga_0435\desktop\kga_battlecity_team4\x64\debug\gameobject.obj
c:\users\kga_0435\desktop\kga_battlecity_team4\x64\debug\gameentity.obj
c:\users\kga_0435\desktop\kga_battlecity_team4\x64\debug\enemytank.obj
c:\users\kga_0435\desktop\kga_battlecity_team4\x64\debug\battlescene.obj
c:\users\kga_0435\desktop\kga_battlecity_team4\x64\debug\ammo.obj
c:\users\kga_0435\desktop\kga_battlecity_team4\x64\debug\titlescene.obj
c:\users\kga_0435\desktop\kga_battlecity_team4\x64\debug\timermanager.obj
c:\users\kga_0435\desktop\kga_battlecity_team4\x64\debug\timer.obj
c:\users\kga_0435\desktop\kga_battlecity_team4\x64\debug\tilemaptoolscene.obj
c:\users\kga_0435\desktop\battle\kga_battlecity_team4\x64\debug\210830_winmain.ilk
c:\users\kga_0435\desktop\battle\kga_battlecity_team4\x64\debug\210830_winmain.exe
c:\users\kga_0435\desktop\battle\kga_battlecity_team4\x64\debug\210830_winmain.pdb
c:\users\kga_0435\desktop\kga_battlecity_team4\x64\debug\ammomanager.obj
c:\users\kga_0435\desktop\kga_battlecity_team4\x64\debug\astarscene.obj
c:\users\kga_0435\desktop\kga_battlecity_team4\x64\debug\button.obj
c:\users\kga_0435\desktop\kga_battlecity_team4\x64\debug\buttonfunction.obj
c:\users\kga_0435\desktop\kga_battlecity_team4\x64\debug\enemy.obj
c:\users\kga_0435\desktop\kga_battlecity_team4\x64\debug\enemymanager.obj
c:\users\kga_0435\desktop\kga_battlecity_team4\x64\debug\maingame.obj
c:\users\kga_0435\desktop\kga_battlecity_team4\x64\debug\pixelcollisionscene.obj
c:\users\kga_0435\desktop\kga_battlecity_team4\x64\debug\210830_winmain.ilk
c:\users\kga_0435\desktop\kga_battlecity_team4\x64\debug\210830_winmain.pdb
c:\users\kga_0435\desktop\kga_battlecity_team4\x64\debug\210830_winmain.exe
c:\users\kga_0435\desktop\kga_battlecity_team4\x64\debug\210830_winmain.tlog\cl.command.1.tlog
c:\users\kga_0435\desktop\kga_battlecity_team4\x64\debug\210830_winmain.tlog\cl.read.1.tlog
c:\users\kga_0435\desktop\kga_battlecity_team4\x64\debug\210830_winmain.tlog\cl.write.1.tlog
c:\users\kga_0435\desktop\kga_battlecity_team4\x64\debug\210830_winmain.tlog\link.command.1.tlog
c:\users\kga_0435\desktop\kga_battlecity_team4\x64\debug\210830_winmain.tlog\link.read.1.tlog
c:\users\kga_0435\desktop\kga_battlecity_team4\x64\debug\210830_winmain.tlog\link.write.1.tlog
